2023-04-23 09:46:39,871 INFO: 18 product: (Coffee(name='Robusta', price=3, acidity=5.0, roast_level='MEDIUM'), 3, 0.16) full
2023-04-23 09:46:39,874 INFO: 9 product: (Coffee(name='Brasil', price=7, acidity=5.09, roast_level='MEDIUM'), 2, 0.37) full
2023-04-23 09:46:39,877 INFO: 2 product: Tea(name='English Breakfast', price=2, type='Black')
2023-04-23 09:46:39,879 INFO: 11 product: (Coffee(name='Robusta', price=3, acidity=5.0, roast_level='MEDIUM'), 1, 0.06) full
2023-04-23 09:46:39,896 INFO: 29 product: (Tea(name='English Breakfast', price=2, type='Black'), 2, 0.14) full
2023-04-23 09:46:39,902 INFO: 23 product: (Tea(name='Jasmine', price=6, type='Green'), 1, 0.09) full
2023-04-23 09:46:39,907 INFO: 35 product: (Tea(name='English Breakfast', price=2, type='Black'), 2, 0.33) full
2023-04-23 09:46:39,914 INFO: 12 product: (Tea(name='Pai Mu Tan', price=9, type='White'), 2, 0.31) full
2023-04-23 09:46:39,923 INFO: 31 product: Tea(name='Vietnam Oolong', price=10, type='Oolong')
2023-04-23 09:46:39,927 INFO: 8 product: Tea(name='Pai Mu Tan', price=9, type='White')
2023-04-23 09:46:39,928 INFO: 28 product: Coffee(name='Indonezia', price=1, acidity=5.05, roast_level='MEDIUM')
2023-04-23 09:46:39,929 INFO: 15 product: Tea(name='Jasmine', price=6, type='Green')
2023-04-23 09:46:39,930 INFO: 6 product: Coffee(name='Indonezia', price=1, acidity=5.05, roast_level='MEDIUM')
2023-04-23 09:46:39,930 INFO: 27 product: (Tea(name='White Peach', price=5, type='White'), 3, 0.38) full
2023-04-23 09:46:39,931 INFO: cart_id 204: Tea(name='Jasmine', price=6, type='Green')
2023-04-23 09:46:39,933 INFO: cart_id 204: Tea(name='Jasmine', price=6, type='Green')
2023-04-23 09:46:39,934 INFO: remove 204: Tea(name='Jasmine', price=6, type='Green')
2023-04-23 09:46:39,934 INFO: cart_id 79: Tea(name='Jasmine', price=6, type='Green')
2023-04-23 09:46:39,935 INFO: remove 79: Tea(name='Jasmine', price=6, type='Green')
2023-04-23 09:46:39,935 INFO: 42 product: Tea(name='English Breakfast', price=2, type='Black')
2023-04-23 09:46:39,936 INFO: place_order:[Tea(name='Pai Mu Tan', price=9, type='White'), Tea(name='Pai Mu Tan', price=9, type='White'), Tea(name='Pai Mu Tan', price=9, type='White'), Tea(name='Pai Mu Tan', price=9, type='White'), Tea(name='Pai Mu Tan', price=9, type='White'), Coffee(name='Ethiopia', price=10, acidity=5.09, roast_level='MEDIUM'), Coffee(name='Ethiopia', price=10, acidity=5.09, roast_level='MEDIUM'), Tea(name='Jasmine', price=6, type='Green'), Tea(name='Jasmine', price=6, type='Green')]
2023-04-23 09:46:39,937 INFO: 25 product: Tea(name='White Peach', price=5, type='White')
2023-04-23 09:46:39,939 INFO: 22 product: Tea(name='Vietnam Oolong', price=10, type='Oolong')
2023-04-23 09:46:39,939 INFO: 19 product: Tea(name='White Peach', price=5, type='White')
2023-04-23 09:46:39,940 INFO: 36 product: Tea(name='Pai Mu Tan', price=9, type='White')
2023-04-23 09:46:39,941 INFO: cart_id 204: Coffee(name='Brasil', price=7, acidity=5.09, roast_level='MEDIUM')
2023-04-23 09:46:39,942 INFO: 37 product: (Tea(name='Pai Mu Tan', price=9, type='White'), 3, 0.37) full
2023-04-23 09:46:39,942 INFO: cart_id 204: Coffee(name='Brasil', price=7, acidity=5.09, roast_level='MEDIUM')
2023-04-23 09:46:39,944 INFO: cart_id 204: Coffee(name='Brasil', price=7, acidity=5.09, roast_level='MEDIUM')
2023-04-23 09:46:39,945 INFO: cart_id 204: Tea(name='Pai Mu Tan', price=9, type='White')
2023-04-23 09:46:39,945 INFO: cart_id 204: Tea(name='Pai Mu Tan', price=9, type='White')
2023-04-23 09:46:39,946 INFO: cart_id 204: Tea(name='English Breakfast', price=2, type='Black')
2023-04-23 09:46:39,947 INFO: cart_id 204: Tea(name='English Breakfast', price=2, type='Black')
2023-04-23 09:46:39,948 INFO: cart_id 204: Tea(name='English Breakfast', price=2, type='Black')
2023-04-23 09:46:39,948 INFO: cart_id 204: Tea(name='English Breakfast', price=2, type='Black')
2023-04-23 09:46:39,949 INFO: cart_id 204: Tea(name='English Breakfast', price=2, type='Black')
2023-04-23 09:46:39,950 INFO: cart_id 204: Tea(name='Vietnam Oolong', price=10, type='Oolong')
2023-04-23 09:46:39,951 INFO: 20 product: (Tea(name='English Breakfast', price=2, type='Black'), 3, 0.39) full
2023-04-23 09:46:39,951 INFO: cart_id 204: Tea(name='Vietnam Oolong', price=10, type='Oolong')
2023-04-23 09:46:39,953 INFO: remove 204: Tea(name='English Breakfast', price=2, type='Black')
2023-04-23 09:46:39,953 INFO: remove 204: Tea(name='English Breakfast', price=2, type='Black')
2023-04-23 09:46:39,955 INFO: place_order:[Tea(name='Vietnam Oolong', price=10, type='Oolong'), Tea(name='Vietnam Oolong', price=10, type='Oolong'), Tea(name='Vietnam Oolong', price=10, type='Oolong'), Coffee(name='Robusta', price=3, acidity=5.0, roast_level='MEDIUM'), Coffee(name='Robusta', price=3, acidity=5.0, roast_level='MEDIUM'), Coffee(name='Robusta', price=3, acidity=5.0, roast_level='MEDIUM'), Coffee(name='Robusta', price=3, acidity=5.0, roast_level='MEDIUM'), Coffee(name='Robusta', price=3, acidity=5.0, roast_level='MEDIUM'), Tea(name='Jasmine', price=6, type='Green'), Tea(name='Jasmine', price=6, type='Green'), Tea(name='Jasmine', price=6, type='Green'), Coffee(name='Brasil', price=7, acidity=5.09, roast_level='MEDIUM'), Coffee(name='Brasil', price=7, acidity=5.09, roast_level='MEDIUM'), Coffee(name='Brasil', price=7, acidity=5.09, roast_level='MEDIUM'), Tea(name='Pai Mu Tan', price=9, type='White'), Tea(name='Pai Mu Tan', price=9, type='White'), Tea(name='English Breakfast', price=2, type='Black'), Tea(name='English Breakfast', price=2, type='Black'), Tea(name='English Breakfast', price=2, type='Black'), Tea(name='Vietnam Oolong', price=10, type='Oolong'), Tea(name='Vietnam Oolong', price=10, type='Oolong')]
2023-04-23 09:46:39,961 INFO: 40 product: Coffee(name='Ethiopia', price=10, acidity=5.09, roast_level='MEDIUM')
2023-04-23 09:46:39,962 INFO: 16 product: (Tea(name='Vietnam Oolong', price=10, type='Oolong'), 3, 0.21) full
2023-04-23 09:46:39,967 INFO: 48 product: (Tea(name='Pai Mu Tan', price=9, type='White'), 2, 0.24) full
2023-04-23 09:46:39,969 INFO: 1 product: Tea(name='White Peach', price=5, type='White')
2023-04-23 09:46:39,971 INFO: 50 product: (Tea(name='Jasmine', price=6, type='Green'), 2, 0.17) full
2023-04-23 09:46:39,971 INFO: 47 product: Tea(name='White Peach', price=5, type='White')
2023-04-23 09:46:39,978 INFO: 24 product: (Tea(name='Jasmine', price=6, type='Green'), 3, 0.21) full
2023-04-23 09:46:39,982 INFO: 17 product: Tea(name='Pai Mu Tan', price=9, type='White')
2023-04-23 09:46:39,991 INFO: 34 product: (Coffee(name='Arabica', price=9, acidity=5.02, roast_level='MEDIUM'), 2, 0.07) full
2023-04-23 09:46:39,995 INFO: 3 product: Coffee(name='Brasil', price=7, acidity=5.09, roast_level='MEDIUM')
2023-04-23 09:46:39,998 INFO: 8 product: Coffee(name='Indonezia', price=1, acidity=5.05, roast_level='MEDIUM')
2023-04-23 09:46:39,999 INFO: 25 product: Coffee(name='Indonezia', price=1, acidity=5.05, roast_level='MEDIUM')
2023-04-23 09:46:40,001 INFO: 45 product: (Coffee(name='Indonezia', price=1, acidity=5.05, roast_level='MEDIUM'), 3, 0.14) full
2023-04-23 09:46:40,001 INFO: 49 product: (Tea(name='White Peach', price=5, type='White'), 1, 0.4) full
2023-04-23 09:46:40,002 INFO: 27 product: (Tea(name='White Peach', price=5, type='White'), 3, 0.38) full
2023-04-23 09:46:40,013 INFO: 9 product: (Coffee(name='Brasil', price=7, acidity=5.09, roast_level='MEDIUM'), 2, 0.37) full
2023-04-23 09:46:40,013 INFO: 44 product: (Tea(name='Vietnam Oolong', price=10, type='Oolong'), 1, 0.26) full
2023-04-23 09:46:40,019 INFO: 32 product: Tea(name='Jasmine', price=6, type='Green')
2023-04-23 09:46:40,024 INFO: 11 product: Coffee(name='Robusta', price=3, acidity=5.0, roast_level='MEDIUM')
2023-04-23 09:46:40,025 INFO: 10 product: Coffee(name='Indonezia', price=1, acidity=5.05, roast_level='MEDIUM')
2023-04-23 09:46:40,030 INFO: cart_id 146: Tea(name='Jasmine', price=6, type='Green')
2023-04-23 09:46:40,031 INFO: cart_id 146: Tea(name='Jasmine', price=6, type='Green')
2023-04-23 09:46:40,031 INFO: 41 product: (Coffee(name='Arabica', price=9, acidity=5.02, roast_level='MEDIUM'), 3, 0.19) full
2023-04-23 09:46:40,032 INFO: cart_id 146: Tea(name='Jasmine', price=6, type='Green')
2023-04-23 09:46:40,034 INFO: cart_id 146: Coffee(name='Robusta', price=3, acidity=5.0, roast_level='MEDIUM')
2023-04-23 09:46:40,034 INFO: cart_id 146: Coffee(name='Robusta', price=3, acidity=5.0, roast_level='MEDIUM')
2023-04-23 09:46:40,035 INFO: 33 product: (Tea(name='Pai Mu Tan', price=9, type='White'), 3, 0.22) full
2023-04-23 09:46:40,035 INFO: cart_id 146: Coffee(name='Robusta', price=3, acidity=5.0, roast_level='MEDIUM')
2023-04-23 09:46:40,036 INFO: place_order:[Tea(name='Jasmine', price=6, type='Green'), Tea(name='Jasmine', price=6, type='Green'), Tea(name='Jasmine', price=6, type='Green'), Tea(name='Jasmine', price=6, type='Green'), Tea(name='English Breakfast', price=2, type='Black'), Tea(name='English Breakfast', price=2, type='Black'), Tea(name='English Breakfast', price=2, type='Black'), Tea(name='English Breakfast', price=2, type='Black'), Coffee(name='Arabica', price=9, acidity=5.02, roast_level='MEDIUM'), Coffee(name='Arabica', price=9, acidity=5.02, roast_level='MEDIUM'), Coffee(name='Arabica', price=9, acidity=5.02, roast_level='MEDIUM'), Coffee(name='Arabica', price=9, acidity=5.02, roast_level='MEDIUM'), Tea(name='Jasmine', price=6, type='Green'), Tea(name='Jasmine', price=6, type='Green'), Tea(name='Jasmine', price=6, type='Green'), Tea(name='Jasmine', price=6, type='Green'), Tea(name='Jasmine', price=6, type='Green'), Tea(name='Jasmine', price=6, type='Green'), Tea(name='Jasmine', price=6, type='Green'), Coffee(name='Robusta', price=3, acidity=5.0, roast_level='MEDIUM'), Coffee(name='Robusta', price=3, acidity=5.0, roast_level='MEDIUM'), Coffee(name='Robusta', price=3, acidity=5.0, roast_level='MEDIUM')]
2023-04-23 09:46:40,037 INFO: 30 product: Tea(name='Vietnam Oolong', price=10, type='Oolong')
2023-04-23 09:46:40,038 INFO: 22 product: Tea(name='Vietnam Oolong', price=10, type='Oolong')
2023-04-23 09:46:40,044 INFO: 13 product: Tea(name='Vietnam Oolong', price=10, type='Oolong')
2023-04-23 09:46:40,048 INFO: 21 product: Tea(name='White Peach', price=5, type='White')
2023-04-23 09:46:40,049 INFO: 28 product: Coffee(name='Indonezia', price=1, acidity=5.05, roast_level='MEDIUM')
2023-04-23 09:46:40,050 INFO: 25 product: Coffee(name='Indonezia', price=1, acidity=5.05, roast_level='MEDIUM')
2023-04-23 09:46:40,053 INFO: 2 product: Tea(name='Vietnam Oolong', price=10, type='Oolong')
2023-04-23 09:46:40,062 INFO: 38 product: Tea(name='English Breakfast', price=2, type='Black')
2023-04-23 09:46:40,067 INFO: 26 product: Coffee(name='Ethiopia', price=10, acidity=5.09, roast_level='MEDIUM')
2023-04-23 09:46:40,072 INFO: 20 product: (Tea(name='English Breakfast', price=2, type='Black'), 3, 0.39) full
2023-04-23 09:46:40,073 INFO: 27 product: (Tea(name='White Peach', price=5, type='White'), 3, 0.38) full
2023-04-23 09:46:40,076 INFO: 7 product: Coffee(name='Ethiopia', price=10, acidity=5.09, roast_level='MEDIUM')
2023-04-23 09:46:40,080 INFO: 5 product: Coffee(name='Indonezia', price=1, acidity=5.05, roast_level='MEDIUM')
2023-04-23 09:46:40,085 INFO: 11 product: Coffee(name='Arabica', price=9, acidity=5.02, roast_level='MEDIUM')
2023-04-23 09:46:40,093 INFO: 37 product: (Tea(name='Pai Mu Tan', price=9, type='White'), 3, 0.37) full
2023-04-23 09:46:40,094 INFO: 29 product: (Tea(name='English Breakfast', price=2, type='Black'), 2, 0.14) full
2023-04-23 09:46:40,098 INFO: 42 product: Coffee(name='Robusta', price=3, acidity=5.0, roast_level='MEDIUM')
2023-04-23 09:46:40,101 INFO: 25 product: Coffee(name='Indonezia', price=1, acidity=5.05, roast_level='MEDIUM')
2023-04-23 09:46:40,103 INFO: 9 product: Coffee(name='Brasil', price=7, acidity=5.09, roast_level='MEDIUM')
2023-04-23 09:46:40,107 INFO: 31 product: Coffee(name='Indonezia', price=1, acidity=5.05, roast_level='MEDIUM')
2023-04-23 09:46:40,107 INFO: 48 product: (Tea(name='Pai Mu Tan', price=9, type='White'), 2, 0.24) full
2023-04-23 09:46:40,109 INFO: 8 product: Coffee(name='Indonezia', price=1, acidity=5.05, roast_level='MEDIUM')
2023-04-23 09:46:40,122 INFO: 18 product: (Coffee(name='Robusta', price=3, acidity=5.0, roast_level='MEDIUM'), 3, 0.16) full
2023-04-23 09:46:40,128 INFO: 22 product: Coffee(name='Ethiopia', price=10, acidity=5.09, roast_level='MEDIUM')
2023-04-23 09:46:40,129 INFO: 21 product: Tea(name='White Peach', price=5, type='White')
2023-04-23 09:46:40,131 INFO: 6 product: Coffee(name='Indonezia', price=1, acidity=5.05, roast_level='MEDIUM')
2023-04-23 09:46:40,133 INFO: 38 product: Coffee(name='Brasil', price=7, acidity=5.09, roast_level='MEDIUM')
2023-04-23 09:46:40,142 INFO: 40 product: Coffee(name='Arabica', price=9, acidity=5.02, roast_level='MEDIUM')
2023-04-23 09:46:40,144 INFO: 27 product: (Tea(name='White Peach', price=5, type='White'), 3, 0.38) full
2023-04-23 09:46:40,151 INFO: cart_id 143: Tea(name='Jasmine', price=6, type='Green')
2023-04-23 09:46:40,152 INFO: cart_id 143: Tea(name='White Peach', price=5, type='White')
2023-04-23 09:46:40,153 INFO: cart_id 143: Tea(name='White Peach', price=5, type='White')
2023-04-23 09:46:40,153 INFO: cart_id 143: Tea(name='White Peach', price=5, type='White')
2023-04-23 09:46:40,154 INFO: cart_id 143: Tea(name='White Peach', price=5, type='White')
2023-04-23 09:46:40,155 INFO: cart_id 143: Coffee(name='Arabica', price=9, acidity=5.02, roast_level='MEDIUM')
2023-04-23 09:46:40,155 INFO: cart_id 143: Coffee(name='Arabica', price=9, acidity=5.02, roast_level='MEDIUM')
2023-04-23 09:46:40,156 INFO: cart_id 143: Tea(name='Vietnam Oolong', price=10, type='Oolong')
2023-04-23 09:46:40,156 INFO: cart_id 143: Tea(name='Vietnam Oolong', price=10, type='Oolong')
2023-04-23 09:46:40,157 INFO: cart_id 143: Tea(name='Vietnam Oolong', price=10, type='Oolong')
2023-04-23 09:46:40,158 INFO: cart_id 143: Tea(name='Vietnam Oolong', price=10, type='Oolong')
2023-04-23 09:46:40,158 INFO: cart_id 143: Tea(name='English Breakfast', price=2, type='Black')
2023-04-23 09:46:40,159 INFO: cart_id 143: Tea(name='English Breakfast', price=2, type='Black')
2023-04-23 09:46:40,159 INFO: cart_id 143: Tea(name='English Breakfast', price=2, type='Black')
2023-04-23 09:46:40,160 INFO: cart_id 143: Tea(name='English Breakfast', price=2, type='Black')
2023-04-23 09:46:40,160 INFO: remove 143: Tea(name='Vietnam Oolong', price=10, type='Oolong')
2023-04-23 09:46:40,160 INFO: 39 product: Coffee(name='Indonezia', price=1, acidity=5.05, roast_level='MEDIUM')
2023-04-23 09:46:40,161 INFO: place_order:[Tea(name='English Breakfast', price=2, type='Black'), Tea(name='Vietnam Oolong', price=10, type='Oolong'), Tea(name='Jasmine', price=6, type='Green'), Coffee(name='Robusta', price=3, acidity=5.0, roast_level='MEDIUM'), Coffee(name='Robusta', price=3, acidity=5.0, roast_level='MEDIUM'), Coffee(name='Robusta', price=3, acidity=5.0, roast_level='MEDIUM'), Coffee(name='Robusta', price=3, acidity=5.0, roast_level='MEDIUM'), Tea(name='Jasmine', price=6, type='Green'), Tea(name='Jasmine', price=6, type='Green'), Tea(name='Jasmine', price=6, type='Green'), Tea(name='White Peach', price=5, type='White'), Tea(name='White Peach', price=5, type='White'), Tea(name='White Peach', price=5, type='White'), Tea(name='White Peach', price=5, type='White'), Coffee(name='Arabica', price=9, acidity=5.02, roast_level='MEDIUM'), Coffee(name='Arabica', price=9, acidity=5.02, roast_level='MEDIUM'), Tea(name='Vietnam Oolong', price=10, type='Oolong'), Tea(name='Vietnam Oolong', price=10, type='Oolong'), Tea(name='Vietnam Oolong', price=10, type='Oolong'), Tea(name='Vietnam Oolong', price=10, type='Oolong'), Tea(name='English Breakfast', price=2, type='Black'), Tea(name='English Breakfast', price=2, type='Black'), Tea(name='English Breakfast', price=2, type='Black'), Tea(name='English Breakfast', price=2, type='Black')]
2023-04-23 09:46:40,162 INFO: 25 product: Tea(name='White Peach', price=5, type='White')
